生成启动时间为 2015/4/14 20:45:47。
     1>项目“d:\Projects\advanced_3\advanced_3\advanced_3.vcxproj”在节点 2 上(build 个目标)。
     1>InitializeBuildStatus:
         正在创建“Debug\advanced_3.unsuccessfulbuild”，因为已指定“AlwaysCreate”。
       ClCompile:
         D:\Program Files (x86)\Microsoft Visual Studio 10.0\VC\bin\CL.exe /c /ZI /nologo /W3 /WX- /Od /Oy- /D WIN32 /D _DEBUG /D _CONSOLE /Gm /EHsc /RTC1 /MDd /GS /fp:precise /Zc:wchar_t /Zc:forScope /Fo"Debug\\" /Fd"Debug\vc100.pdb" /Gd /TP /analyze- /errorReport:prompt 1.cpp
         1.cpp
     1>d:\projects\advanced_3\advanced_3\1.cpp(15): warning C4101: “s”: 未引用的局部变量
     1>d:\projects\advanced_3\advanced_3\1.cpp(12): warning C4101: “bb”: 未引用的局部变量
     1>d:\projects\advanced_3\advanced_3\1.cpp(13): warning C4101: “b”: 未引用的局部变量
       ManifestResourceCompile:
         所有输出均为最新。
       Link:
         D:\Program Files (x86)\Microsoft Visual Studio 10.0\VC\bin\link.exe /ERRORREPORT:PROMPT /OUT:"d:\Projects\advanced_3\Debug\advanced_3.exe" /INCREMENTAL /NOLOGO kernel32.lib user32.lib gdi32.lib winspool.lib comdlg32.lib advapi32.lib shell32.lib ole32.lib oleaut32.lib uuid.lib odbc32.lib odbccp32.lib /MANIFEST /ManifestFile:"Debug\advanced_3.exe.intermediate.manifest" /MANIFESTUAC:"level='asInvoker' uiAccess='false'" /DEBUG /PDB:"d:\Projects\advanced_3\Debug\advanced_3.pdb" /SUBSYSTEM:CONSOLE /TLBID:1 /DYNAMICBASE /NXCOMPAT /IMPLIB:"d:\Projects\advanced_3\Debug\advanced_3.lib" /MACHINE:X86 Debug\advanced_3.exe.embed.manifest.res
         Debug\1.obj
       Manifest:
         C:\Program Files (x86)\Microsoft SDKs\Windows\v7.0A\bin\mt.exe /nologo /verbose /out:"Debug\advanced_3.exe.embed.manifest" /manifest Debug\advanced_3.exe.intermediate.manifest
         所有输出均为最新。
       LinkEmbedManifest:
         所有输出均为最新。
         advanced_3.vcxproj -> d:\Projects\advanced_3\Debug\advanced_3.exe
       FinalizeBuildStatus:
         正在删除文件“Debug\advanced_3.unsuccessfulbuild”。
         正在对“Debug\advanced_3.lastbuildstate”执行 Touch 任务。
     1>已完成生成项目“d:\Projects\advanced_3\advanced_3\advanced_3.vcxproj”(build 个目标)的操作。

生成成功。

已用时间 00:00:00.73
