生成启动时间为 2015/5/19 17:53:23。
     1>项目“d:\Projects\Advance_25\Advance_25.vcxproj”在节点 2 上(build 个目标)。
     1>InitializeBuildStatus:
         正在创建“Debug\Advance_25.unsuccessfulbuild”，因为已指定“AlwaysCreate”。
       ClCompile:
         D:\Program Files (x86)\Microsoft Visual Studio 10.0\VC\bin\CL.exe /c /ZI /nologo /W3 /WX- /Od /Oy- /D WIN32 /D _DEBUG /D _CONSOLE /D _UNICODE /D UNICODE /Gm /EHsc /RTC1 /MDd /GS /fp:precise /Zc:wchar_t /Zc:forScope /Fo"Debug\\" /Fd"Debug\vc100.pdb" /Gd /TP /analyze- /errorReport:prompt 1.cpp
         1.cpp
       ManifestResourceCompile:
         C:\Program Files (x86)\Microsoft SDKs\Windows\v7.0A\bin\rc.exe /nologo /fo"Debug\Advance_25.exe.embed.manifest.res" Debug\Advance_25_manifest.rc 
       Link:
         D:\Program Files (x86)\Microsoft Visual Studio 10.0\VC\bin\link.exe /ERRORREPORT:PROMPT /OUT:"d:\Projects\Advance_25\Debug\Advance_25.exe" /INCREMENTAL /NOLOGO kernel32.lib user32.lib gdi32.lib winspool.lib comdlg32.lib advapi32.lib shell32.lib ole32.lib oleaut32.lib uuid.lib odbc32.lib odbccp32.lib /MANIFEST /ManifestFile:"Debug\Advance_25.exe.intermediate.manifest" /MANIFESTUAC:"level='asInvoker' uiAccess='false'" /DEBUG /PDB:"d:\Projects\Advance_25\Debug\Advance_25.pdb" /SUBSYSTEM:CONSOLE /TLBID:1 /DYNAMICBASE /NXCOMPAT /IMPLIB:"d:\Projects\Advance_25\Debug\Advance_25.lib" /MACHINE:X86 Debug\Advance_25.exe.embed.manifest.res
         Debug\1.obj
       Manifest:
         C:\Program Files (x86)\Microsoft SDKs\Windows\v7.0A\bin\mt.exe /nologo /verbose /out:"Debug\Advance_25.exe.embed.manifest" /manifest Debug\Advance_25.exe.intermediate.manifest
         C:\Program Files (x86)\Microsoft SDKs\Windows\v7.0A\bin\rc.exe /nologo /fo"Debug\Advance_25.exe.embed.manifest.res" Debug\Advance_25_manifest.rc 
       LinkEmbedManifest:
         D:\Program Files (x86)\Microsoft Visual Studio 10.0\VC\bin\link.exe /ERRORREPORT:PROMPT /OUT:"d:\Projects\Advance_25\Debug\Advance_25.exe" /INCREMENTAL /NOLOGO kernel32.lib user32.lib gdi32.lib winspool.lib comdlg32.lib advapi32.lib shell32.lib ole32.lib oleaut32.lib uuid.lib odbc32.lib odbccp32.lib /MANIFEST /ManifestFile:"Debug\Advance_25.exe.intermediate.manifest" /MANIFESTUAC:"level='asInvoker' uiAccess='false'" /DEBUG /PDB:"d:\Projects\Advance_25\Debug\Advance_25.pdb" /SUBSYSTEM:CONSOLE /TLBID:1 /DYNAMICBASE /NXCOMPAT /IMPLIB:"d:\Projects\Advance_25\Debug\Advance_25.lib" /MACHINE:X86 Debug\Advance_25.exe.embed.manifest.res
         Debug\1.obj
         Advance_25.vcxproj -> d:\Projects\Advance_25\Debug\Advance_25.exe
       FinalizeBuildStatus:
         正在删除文件“Debug\Advance_25.unsuccessfulbuild”。
         正在对“Debug\Advance_25.lastbuildstate”执行 Touch 任务。
     1>已完成生成项目“d:\Projects\Advance_25\Advance_25.vcxproj”(build 个目标)的操作。

生成成功。

已用时间 00:00:01.33
