生成启动时间为 2015/4/21 20:37:29。
     1>项目“d:\Projects\Advanced_6\Advanced_6\Advanced_6.vcxproj”在节点 2 上(build 个目标)。
     1>InitializeBuildStatus:
         正在创建“Debug\Advanced_6.unsuccessfulbuild”，因为已指定“AlwaysCreate”。
       ClCompile:
         D:\Program Files (x86)\Microsoft Visual Studio 10.0\VC\bin\CL.exe /c /ZI /nologo /W3 /WX- /Od /Oy- /D WIN32 /D _DEBUG /D _CONSOLE /D _UNICODE /D UNICODE /Gm /EHsc /RTC1 /MDd /GS /fp:precise /Zc:wchar_t /Zc:forScope /Fo"Debug\\" /Fd"Debug\vc100.pdb" /Gd /TP /analyze- /errorReport:prompt 6.cpp
         6.cpp
       ManifestResourceCompile:
         所有输出均为最新。
       Link:
         D:\Program Files (x86)\Microsoft Visual Studio 10.0\VC\bin\link.exe /ERRORREPORT:PROMPT /OUT:"d:\Projects\Advanced_6\Debug\Advanced_6.exe" /INCREMENTAL /NOLOGO kernel32.lib user32.lib gdi32.lib winspool.lib comdlg32.lib advapi32.lib shell32.lib ole32.lib oleaut32.lib uuid.lib odbc32.lib odbccp32.lib /MANIFEST /ManifestFile:"Debug\Advanced_6.exe.intermediate.manifest" /MANIFESTUAC:"level='asInvoker' uiAccess='false'" /DEBUG /PDB:"d:\Projects\Advanced_6\Debug\Advanced_6.pdb" /SUBSYSTEM:CONSOLE /TLBID:1 /DYNAMICBASE /NXCOMPAT /IMPLIB:"d:\Projects\Advanced_6\Debug\Advanced_6.lib" /MACHINE:X86 Debug\Advanced_6.exe.embed.manifest.res
         Debug\6.obj
       Manifest:
         C:\Program Files (x86)\Microsoft SDKs\Windows\v7.0A\bin\mt.exe /nologo /verbose /out:"Debug\Advanced_6.exe.embed.manifest" /manifest Debug\Advanced_6.exe.intermediate.manifest
         所有输出均为最新。
       LinkEmbedManifest:
         所有输出均为最新。
         Advanced_6.vcxproj -> d:\Projects\Advanced_6\Debug\Advanced_6.exe
       FinalizeBuildStatus:
         正在删除文件“Debug\Advanced_6.unsuccessfulbuild”。
         正在对“Debug\Advanced_6.lastbuildstate”执行 Touch 任务。
     1>已完成生成项目“d:\Projects\Advanced_6\Advanced_6\Advanced_6.vcxproj”(build 个目标)的操作。

生成成功。

已用时间 00:00:01.29
