生成启动时间为 2015/4/12 20:02:45。
     1>项目“d:\Projects\Error\Error\Error.vcxproj”在节点 2 上(build 个目标)。
     1>InitializeBuildStatus:
         正在创建“Debug\Error.unsuccessfulbuild”，因为已指定“AlwaysCreate”。
       ClCompile:
         所有输出均为最新。
         D:\Program Files (x86)\Microsoft Visual Studio 10.0\VC\bin\CL.exe /c /ZI /nologo /W3 /WX- /Od /Oy- /D WIN32 /D _WINDOWS /D _DEBUG /D _UNICODE /D UNICODE /D _AFXDLL /Gm /EHsc /RTC1 /MDd /GS /fp:precise /Zc:wchar_t /Zc:forScope /Yu"StdAfx.h" /Fp"Debug\Error.pch" /Fo"Debug\\" /Fd"Debug\vc100.pdb" /Gd /TP /analyze- /errorReport:prompt ErrorDlg.cpp
         ErrorDlg.cpp
       ResourceCompile:
         所有输出均为最新。
       ManifestResourceCompile:
         所有输出均为最新。
       Link:
         D:\Program Files (x86)\Microsoft Visual Studio 10.0\VC\bin\link.exe /ERRORREPORT:PROMPT /OUT:"d:\Projects\Error\Debug\Error.exe" /INCREMENTAL /NOLOGO /MANIFEST /ManifestFile:"Debug\Error.exe.intermediate.manifest" /MANIFESTUAC:"level='asInvoker' uiAccess='false'" /DEBUG /PDB:"d:\Projects\Error\Debug\Error.pdb" /SUBSYSTEM:WINDOWS /TLBID:1 /ENTRY:"wWinMainCRTStartup" /DYNAMICBASE /NXCOMPAT /IMPLIB:"d:\Projects\Error\Debug\Error.lib" /MACHINE:X86 Debug\Error.res
         Debug\Error.exe.embed.manifest.res
         Debug\Error.obj
         Debug\ErrorDlg.obj
         Debug\stdafx.obj
       Manifest:
         C:\Program Files (x86)\Microsoft SDKs\Windows\v7.0A\bin\mt.exe /nologo /verbose /out:"Debug\Error.exe.embed.manifest" /manifest Debug\Error.exe.intermediate.manifest "D:\Program Files (x86)\Microsoft Visual Studio 10.0\VC\Include\Manifest\dpiaware.manifest"
         所有输出均为最新。
       LinkEmbedManifest:
         所有输出均为最新。
         Error.vcxproj -> d:\Projects\Error\Debug\Error.exe
       FinalizeBuildStatus:
         正在删除文件“Debug\Error.unsuccessfulbuild”。
         正在对“Debug\Error.lastbuildstate”执行 Touch 任务。
     1>已完成生成项目“d:\Projects\Error\Error\Error.vcxproj”(build 个目标)的操作。

生成成功。

已用时间 00:00:00.31
