生成启动时间为 2015/5/1 11:25:02。
     1>项目“d:\Projects\Advanced_14\CreateProcess\CreateProcess.vcxproj”在节点 2 上(build 个目标)。
     1>InitializeBuildStatus:
         正在创建“Debug\CreateProcess.unsuccessfulbuild”，因为已指定“AlwaysCreate”。
       ClCompile:
         D:\Program Files (x86)\Microsoft Visual Studio 10.0\VC\bin\CL.exe /c /ZI /nologo /W3 /WX- /Od /Oy- /D WIN32 /D _DEBUG /D _CONSOLE /D _UNICODE /D UNICODE /Gm /EHsc /RTC1 /MDd /GS /fp:precise /Zc:wchar_t /Zc:forScope /Fo"Debug\\" /Fd"Debug\vc100.pdb" /Gd /TP /analyze- /errorReport:prompt CreateProcess.cpp
         CreateProcess.cpp
       ManifestResourceCompile:
         C:\Program Files (x86)\Microsoft SDKs\Windows\v7.0A\bin\rc.exe /nologo /fo"Debug\CreateProcess.exe.embed.manifest.res" Debug\CreateProcess_manifest.rc 
       Link:
         D:\Program Files (x86)\Microsoft Visual Studio 10.0\VC\bin\link.exe /ERRORREPORT:PROMPT /OUT:"d:\Projects\Advanced_14\Debug\CreateProcess.exe" /INCREMENTAL /NOLOGO kernel32.lib user32.lib gdi32.lib winspool.lib comdlg32.lib advapi32.lib shell32.lib ole32.lib oleaut32.lib uuid.lib odbc32.lib odbccp32.lib /MANIFEST /ManifestFile:"Debug\CreateProcess.exe.intermediate.manifest" /MANIFESTUAC:"level='asInvoker' uiAccess='false'" /DEBUG /PDB:"d:\Projects\Advanced_14\Debug\CreateProcess.pdb" /SUBSYSTEM:CONSOLE /TLBID:1 /DYNAMICBASE /NXCOMPAT /IMPLIB:"d:\Projects\Advanced_14\Debug\CreateProcess.lib" /MACHINE:X86 Debug\CreateProcess.exe.embed.manifest.res
         Debug\CreateProcess.obj
       Manifest:
         C:\Program Files (x86)\Microsoft SDKs\Windows\v7.0A\bin\mt.exe /nologo /verbose /out:"Debug\CreateProcess.exe.embed.manifest" /manifest Debug\CreateProcess.exe.intermediate.manifest
         C:\Program Files (x86)\Microsoft SDKs\Windows\v7.0A\bin\rc.exe /nologo /fo"Debug\CreateProcess.exe.embed.manifest.res" Debug\CreateProcess_manifest.rc 
       LinkEmbedManifest:
         D:\Program Files (x86)\Microsoft Visual Studio 10.0\VC\bin\link.exe /ERRORREPORT:PROMPT /OUT:"d:\Projects\Advanced_14\Debug\CreateProcess.exe" /INCREMENTAL /NOLOGO kernel32.lib user32.lib gdi32.lib winspool.lib comdlg32.lib advapi32.lib shell32.lib ole32.lib oleaut32.lib uuid.lib odbc32.lib odbccp32.lib /MANIFEST /ManifestFile:"Debug\CreateProcess.exe.intermediate.manifest" /MANIFESTUAC:"level='asInvoker' uiAccess='false'" /DEBUG /PDB:"d:\Projects\Advanced_14\Debug\CreateProcess.pdb" /SUBSYSTEM:CONSOLE /TLBID:1 /DYNAMICBASE /NXCOMPAT /IMPLIB:"d:\Projects\Advanced_14\Debug\CreateProcess.lib" /MACHINE:X86 Debug\CreateProcess.exe.embed.manifest.res
         Debug\CreateProcess.obj
         CreateProcess.vcxproj -> d:\Projects\Advanced_14\Debug\CreateProcess.exe
       FinalizeBuildStatus:
         正在删除文件“Debug\CreateProcess.unsuccessfulbuild”。
         正在对“Debug\CreateProcess.lastbuildstate”执行 Touch 任务。
     1>已完成生成项目“d:\Projects\Advanced_14\CreateProcess\CreateProcess.vcxproj”(build 个目标)的操作。

生成成功。

已用时间 00:00:01.00
