生成启动时间为 2015/5/17 16:14:18。
     1>项目“d:\Projects\Advanced_22\Advanced_22\Advanced_22.vcxproj”在节点 2 上(build 个目标)。
     1>InitializeBuildStatus:
         正在创建“x64\Debug\Advanced_22.unsuccessfulbuild”，因为已指定“AlwaysCreate”。
       ClCompile:
         D:\Program Files (x86)\Microsoft Visual Studio 10.0\VC\bin\x86_amd64\CL.exe /c /Zi /nologo /W3 /WX- /Od /D WIN32 /D _DEBUG /D _CONSOLE /D _UNICODE /D UNICODE /Gm /EHsc /RTC1 /MDd /GS /fp:precise /Zc:wchar_t /Zc:forScope /Fo"x64\Debug\\" /Fd"x64\Debug\vc100.pdb" /Gd /TP /errorReport:prompt 1.cpp
         1.cpp
       ManifestResourceCompile:
         所有输出均为最新。
       Link:
         D:\Program Files (x86)\Microsoft Visual Studio 10.0\VC\bin\x86_amd64\link.exe /ERRORREPORT:PROMPT /OUT:"d:\Projects\Advanced_22\x64\Debug\Advanced_22.exe" /INCREMENTAL /NOLOGO kernel32.lib user32.lib gdi32.lib winspool.lib comdlg32.lib advapi32.lib shell32.lib ole32.lib oleaut32.lib uuid.lib odbc32.lib odbccp32.lib /MANIFEST /ManifestFile:"x64\Debug\Advanced_22.exe.intermediate.manifest" /MANIFESTUAC:"level='asInvoker' uiAccess='false'" /DEBUG /PDB:"d:\Projects\Advanced_22\x64\Debug\Advanced_22.pdb" /SUBSYSTEM:CONSOLE /TLBID:1 /DYNAMICBASE /NXCOMPAT /IMPLIB:"d:\Projects\Advanced_22\x64\Debug\Advanced_22.lib" /MACHINE:X64 x64\Debug\Advanced_22.exe.embed.manifest.res
         x64\Debug\1.obj
         Advanced_22.vcxproj -> d:\Projects\Advanced_22\x64\Debug\Advanced_22.exe
       Manifest:
         C:\Program Files (x86)\Microsoft SDKs\Windows\v7.0A\bin\mt.exe /nologo /verbose /out:"x64\Debug\Advanced_22.exe.embed.manifest" /manifest x64\Debug\Advanced_22.exe.intermediate.manifest
         所有输出均为最新。
       LinkEmbedManifest:
         所有输出均为最新。
         Advanced_22.vcxproj -> d:\Projects\Advanced_22\x64\Debug\Advanced_22.exe
       FinalizeBuildStatus:
         正在删除文件“x64\Debug\Advanced_22.unsuccessfulbuild”。
         正在对“x64\Debug\Advanced_22.lastbuildstate”执行 Touch 任务。
     1>已完成生成项目“d:\Projects\Advanced_22\Advanced_22\Advanced_22.vcxproj”(build 个目标)的操作。

生成成功。

已用时间 00:00:00.68
